{"logTime": "0704/084933", "correlationVector":"RaSonC59rSfRmYaOiTMWdI.1","action":"SyncServerConnectionManagerRequest", "result":"SYNC_SERVER_OK", "context":{"environment":"Prod_japaneast_prod-s01-061-apac-japaneast", "migrationStage":"NotStarted", "server":"akswtt11500000m"}}
{"logTime": "0704/084933", "correlationVector":"RaSonC59rSfRmYaOiTMWdI.2","action":"ProcessGetUpdates", "result":"Done", "context":{"dataType":"Encryption Keys", "deleted":"0", "process_failed_to_decrypt":"0", "process_pending_decryption":"0", "process_success":"1", "total":"1"}}
{"logTime": "0704/084934", "correlationVector":"V9HYK6i4z2j673BbQXrQ82","action":"SyncServerConnectionManagerRequest", "result":"SYNC_SERVER_OK", "context":{"environment":"", "migrationStage":"", "server":""}}
{"logTime": "0704/084934", "correlationVector":"V9HYK6i4z2j673BbQXrQ82.0","action":"EncryptionKeysFetcher.DownloadKeys:", "result":"Success", "context":Key count: 10, Last key timestamp: 2026-02-07T08:39:13Z}
{"logTime": "0704/084934", "correlationVector":"V9HYK6i4z2j673BbQXrQ82.1","action":"EncryptionKeysManager::SetEncryptionKeys:", "result":"Success", "context":Key names[10]:[Qdq5i8HP96abs/2vj3d968P6kVChLOuPL4zVGhOwg2yB6trqK26rcU/Y0h0BfAX8a5xdCco5YP421MyiIL5puQ==][fwi9ORZYW56Orcq8lrWQMpf8hobHYCyC0tlJWfltQWOzEJxLMs0wwWGQVuVEGoiLRXZkfzLZL0AaI2Zcc1O0Hw==][bm/a1UuleJyph54V2O0vR00wcLJRVbhvg9U3UpV21qazS2AL+A09fVm00RLlvojszER/p9ixwWUrmjRuZAMmhQ==][qdfLFTDKePMUZrdKaO7ZnJGpCADGTzs7J/AquvDD+W6HcGqSE4wd9+ky0q4eY28uCcZ6OC7QFHsaY1YJQBTCLA==][8iU8YC6Eoz2eGJ99f5NOIC6GLHsjIiY48VIhBT6FnhAX7I+v//NEZK3KnpREIaPmKa8mP9zwZsuazaAefg6ahQ==][kTciX317ehxjZn/NcvZI5waW8uOn7Msa2p70TM6bmnD7rlz/yuLfq4Duyf+HpWza3XCQlV8H5Ox13tuacoY2PA==][22XlnRvS4bB29dzKRCgjWJ37QGt7lShen3fsOKg8SAUnR98keideDKRilW5aM8+craI/rzA7qzdZ2YxSpnhBsg==][MGzlGAXRvI1AVZPo5ugETwblRnF4mF+zADkoziTPj42OxIoJp3lMZHoxRHy1U+wv5c/PtzmIMjiDMbHO1I7ESA==][Fh6usDA/cECngjxaehdgiFILysSK0DF3S5+gb8v9zHQ4d0/4TYpoeM7zEF+3g7LEgiRxWUHg5Jv2gpvSNfOyPw==][Uaf9bIGJ/mOvGlQIfWkoVoUbLmNoixmws0hg3bwZvoLb/ihs+bnX4Cn1lRfvAdCAKTuJpWp4+MB8ZCA9l0Qbtw==]}
{"logTime": "0704/084934", "correlationVector":"V9HYK6i4z2j673BbQXrQ82.2","action":"EncryptionKeysManager::SetEncryptionKeysWithTimestamps:", "result":"Success", "context":Key timestamps[10]:[2021-06-23T03:24:54Z][2021-07-26T14:35:59Z][2022-02-05T16:38:18Z][2022-08-08T11:11:13Z][2023-02-04T13:10:55Z][2023-10-30T04:55:47Z][2024-05-15T16:26:04Z][2024-11-26T12:56:12Z][2025-08-07T15:54:16Z][2026-02-07T08:39:13Z]}
{"logTime": "0704/084934", "correlationVector":"RaSonC59rSfRmYaOiTMWdI","action":"Initial GetUpdates", "result":"", "context":Reason: NEW_CLIENT. cV=RaSonC59rSfRmYaOiTMWdI}
{"logTime": "0704/084934", "correlationVector":"RaSonC59rSfRmYaOiTMWdI.3","action":"GetUpdates Response", "result":"Success", "context":Received 1 update(s). cV=RaSonC59rSfRmYaOiTMWdI.0;server=akswtt11500000m;cloudType=Consumer;environment=Prod_japaneast_prod-s01-061-apac-japaneast;migrationStage=NotStarted}
{"logTime": "0704/084934", "correlationVector":"7HR8PTC7X87cMPaUyOIdr0","action":"Initial GetUpdates", "result":"", "context":Reason: NEWLY_SUPPORTED_DATATYPE. cV=7HR8PTC7X87cMPaUyOIdr0}
{"logTime": "0704/084934", "correlationVector":"7HR8PTC7X87cMPaUyOIdr0.1","action":"SyncServerConnectionManagerRequest", "result":"SYNC_SERVER_OK", "context":{"environment":"Prod_japaneast_prod-s01-061-apac-japaneast", "migrationStage":"NotStarted", "server":"akswtt11500001c"}}
{"logTime": "0704/084934", "correlationVector":"7HR8PTC7X87cMPaUyOIdr0.2","action":"ProcessGetUpdates", "result":"Done", "context":{"dataType":"Preferences", "deleted":"0", "process_failed_to_decrypt":"0", "process_pending_decryption":"0", "process_success":"79", "total":"79"}}
{"logTime": "0704/084934", "correlationVector":"7HR8PTC7X87cMPaUyOIdr0.3","action":"ProcessGetUpdates", "result":"Done", "context":{"dataType":"Passwords", "deleted":"1", "process_failed_to_decrypt":"0", "process_pending_decryption":"0", "process_success":"71", "total":"71"}}
{"logTime": "0704/084934", "correlationVector":"7HR8PTC7X87cMPaUyOIdr0.4","action":"ProcessGetUpdates", "result":"Done", "context":{"dataType":"Device Info", "deleted":"0", "process_failed_to_decrypt":"0", "process_pending_decryption":"0", "process_success":"11", "total":"11"}}
{"logTime": "0704/084934", "correlationVector":"7HR8PTC7X87cMPaUyOIdr0.5","action":"GetUpdates Response", "result":"Success", "context":Received 161 update(s). cV=7HR8PTC7X87cMPaUyOIdr0.0;server=akswtt11500001c;cloudType=Consumer;environment=Prod_japaneast_prod-s01-061-apac-japaneast;migrationStage=NotStarted}
{"logTime": "0704/084934", "correlationVector":"5GeVgAIuFld8iYgkuDiRcR","action":"Initial GetUpdates", "result":"", "context":Reason: NEWLY_SUPPORTED_DATATYPE. cV=5GeVgAIuFld8iYgkuDiRcR}
{"logTime": "0704/084934", "correlationVector":"5GeVgAIuFld8iYgkuDiRcR.1","action":"SyncServerConnectionManagerRequest", "result":"SYNC_SERVER_OK", "context":{"environment":"Prod_japaneast_prod-s01-061-apac-japaneast", "migrationStage":"NotStarted", "server":"akswtt11500001a"}}
{"logTime": "0704/084934", "correlationVector":"5GeVgAIuFld8iYgkuDiRcR.2","action":"ProcessGetUpdates", "result":"Done", "context":{"dataType":"Bookmarks", "deleted":"0", "process_failed_to_decrypt":"0", "process_pending_decryption":"0", "process_success":"18", "total":"18"}}
{"logTime": "0704/084934", "correlationVector":"5GeVgAIuFld8iYgkuDiRcR.3","action":"GetUpdates Response", "result":"Success", "context":Received 18 update(s). cV=5GeVgAIuFld8iYgkuDiRcR.0;server=akswtt11500001a;cloudType=Consumer;environment=Prod_japaneast_prod-s01-061-apac-japaneast;migrationStage=NotStarted}
{"logTime": "0704/084934", "correlationVector":"O1Xf431KNA+i8PZGPFWtFN","action":"Initial GetUpdates", "result":"", "context":Reason: NEWLY_SUPPORTED_DATATYPE. cV=O1Xf431KNA+i8PZGPFWtFN}
{"logTime": "0704/084935", "correlationVector":"O1Xf431KNA+i8PZGPFWtFN.1","action":"SyncServerConnectionManagerRequest", "result":"SYNC_SERVER_OK", "context":{"environment":"Prod_japaneast_prod-s01-061-apac-japaneast", "migrationStage":"NotStarted", "server":"akswtt115000009"}}
{"logTime": "0704/084935", "correlationVector":"O1Xf431KNA+i8PZGPFWtFN.2","action":"ProcessGetUpdates", "result":"Done", "context":{"dataType":"Autofill", "deleted":"0", "process_failed_to_decrypt":"0", "process_pending_decryption":"0", "process_success":"14", "total":"14"}}
{"logTime": "0704/084935", "correlationVector":"O1Xf431KNA+i8PZGPFWtFN.3","action":"ProcessGetUpdates", "result":"Done", "context":{"dataType":"Extensions", "deleted":"0", "process_failed_to_decrypt":"0", "process_pending_decryption":"0", "process_success":"9", "total":"9"}}
{"logTime": "0704/084935", "correlationVector":"O1Xf431KNA+i8PZGPFWtFN.4","action":"ProcessGetUpdates", "result":"Done", "context":{"dataType":"Sessions", "deleted":"34", "process_failed_to_decrypt":"0", "process_pending_decryption":"0", "process_success":"35", "total":"35"}}
{"logTime": "0704/084935", "correlationVector":"O1Xf431KNA+i8PZGPFWtFN.5","action":"ProcessGetUpdates", "result":"Done", "context":{"dataType":"Extension settings", "deleted":"0", "process_failed_to_decrypt":"0", "process_pending_decryption":"0", "process_success":"7", "total":"7"}}
{"logTime": "0704/084935", "correlationVector":"O1Xf431KNA+i8PZGPFWtFN.6","action":"GetUpdates Response", "result":"Success", "context":Received 65 update(s). cV=O1Xf431KNA+i8PZGPFWtFN.0;server=akswtt115000009;cloudType=Consumer;environment=Prod_japaneast_prod-s01-061-apac-japaneast;migrationStage=NotStarted}
{"logTime": "0704/084935", "correlationVector":"iFZ6og2Nktfrw86nRwJzmX","action":"Initial GetUpdates", "result":"", "context":Reason: NEWLY_SUPPORTED_DATATYPE. cV=iFZ6og2Nktfrw86nRwJzmX}
{"logTime": "0704/084935", "correlationVector":"iFZ6og2Nktfrw86nRwJzmX.1","action":"SyncServerConnectionManagerRequest", "result":"SYNC_SERVER_OK", "context":{"environment":"Prod_japaneast_prod-s01-061-apac-japaneast", "migrationStage":"NotStarted", "server":"akswtt11500000c"}}
{"logTime": "0704/084935", "correlationVector":"iFZ6og2Nktfrw86nRwJzmX.2","action":"ProcessGetUpdates", "result":"Done", "context":{"dataType":"History", "deleted":"0", "process_failed_to_decrypt":"0", "process_pending_decryption":"0", "process_success":"103", "total":"103"}}
{"logTime": "0704/084935", "correlationVector":"iFZ6og2Nktfrw86nRwJzmX.3","action":"GetUpdates Response", "result":"Success", "context":Received 103 update(s). cV=iFZ6og2Nktfrw86nRwJzmX.0;server=akswtt11500000c;cloudType=Consumer;environment=Prod_japaneast_prod-s01-061-apac-japaneast;migrationStage=NotStarted}
{"logTime": "0704/084935", "correlationVector":"wmvNIQKkmPEMKV+wWJNJ6x","action":"Normal GetUpdate request", "result":"", "context":cV=wmvNIQKkmPEMKV+wWJNJ6x
Nudged types: Sessions, Device Info, User Consents
Refresh requested types: Bookmarks, Preferences, Passwords, Autofill Profiles, Autofill, Extensions, Sessions, Extension settings, History Delete Directives, Device Info, User Consents, Send Tab To Self, Web Apps, History, Saved Tab Group, WebAuthn Credentials, Edge E Drop, Edge Hub App Usage, Edge Wallet, Edge Workspace, Encryption Keys}
{"logTime": "0704/084936", "correlationVector":"wmvNIQKkmPEMKV+wWJNJ6x.1","action":"SyncServerConnectionManagerRequest", "result":"SYNC_SERVER_OK", "context":{"environment":"Prod_japaneast_prod-s01-061-apac-japaneast", "migrationStage":"NotStarted", "server":"akswtt11500000q"}}
{"logTime": "0704/084936", "correlationVector":"wmvNIQKkmPEMKV+wWJNJ6x.2","action":"GetUpdates Response", "result":"Success", "context":Received 0 update(s). cV=wmvNIQKkmPEMKV+wWJNJ6x.0;server=akswtt11500000q;cloudType=Consumer;environment=Prod_japaneast_prod-s01-061-apac-japaneast;migrationStage=NotStarted}
{"logTime": "0704/084936", "correlationVector":"BB994bH7aDlb7MtGNlSqU9","action":"DoCompareDataConsistency requsted types: ", "result":"Bookmarks, Preferences, Passwords, Extensions, Extension settings, History Delete Directives, Send Tab To Self, Web Apps, History, Saved Tab Group, WebAuthn Credentials, Edge E Drop, Edge Wallet, Edge Workspace, Encryption Keys"}
{"logTime": "0704/084936", "correlationVector":"BB994bH7aDlb7MtGNlSqU9.0","action":"CompareDataConsistency result: ", "result":"Compare result: Encryption Keys is consistent. local entities count is: 1 local entities hash is: jc4NxU65y2YjXtvbvPnH75SEo5A="}
{"logTime": "0704/084936", "correlationVector":"BB994bH7aDlb7MtGNlSqU9.1","action":"CompareDataConsistency result: ", "result":"Compare result: Bookmarks is consistent. local entities count is: 12 local entities hash is: 3CXPJ1IvCUSXyTmw9ftwDSJUHes="}
{"logTime": "0704/084936", "correlationVector":"BB994bH7aDlb7MtGNlSqU9.2","action":"CompareDataConsistency result: ", "result":"Compare result: Preferences is consistent. local entities count is: 79 local entities hash is: eU2Bbn1E5o9qXX2L9JrR9zgqdm8="}
{"logTime": "0704/084936", "correlationVector":"BB994bH7aDlb7MtGNlSqU9.3","action":"CompareDataConsistency result: ", "result":"Compare result: Extensions is consistent. local entities count is: 9 local entities hash is: IQalO9sUsjbtF4HiZYLjAI/gkQk="}
{"logTime": "0704/084936", "correlationVector":"BB994bH7aDlb7MtGNlSqU9.4","action":"CompareDataConsistency result: ", "result":"Compare result: Extension settings is consistent. local entities count is: 7 local entities hash is: laDyLyCmTlDslo80gHAYP7/dIcY="}
{"logTime": "0704/084936", "correlationVector":"BB994bH7aDlb7MtGNlSqU9.5","action":"CompareDataConsistency result: ", "result":"Compare result: History Delete Directives is consistent. local entities count is: 0 local entities hash is: "}
{"logTime": "0704/084936", "correlationVector":"BB994bH7aDlb7MtGNlSqU9.6","action":"CompareDataConsistency result: ", "result":"Server did not send this Send Tab To Self local entities count is: 0 local entities hash is: "}
{"logTime": "0704/084936", "correlationVector":"BB994bH7aDlb7MtGNlSqU9.7","action":"CompareDataConsistency result: ", "result":"Compare result: Web Apps is consistent. local entities count is: 0 local entities hash is: "}
{"logTime": "0704/084936", "correlationVector":"BB994bH7aDlb7MtGNlSqU9.8","action":"CompareDataConsistency result: ", "result":"Server did not send this History local entities count is: 0 local entities hash is: "}
{"logTime": "0704/084936", "correlationVector":"BB994bH7aDlb7MtGNlSqU9.9","action":"CompareDataConsistency result: ", "result":"Compare result: Saved Tab Group is consistent. local entities count is: 0 local entities hash is: "}
{"logTime": "0704/084936", "correlationVector":"BB994bH7aDlb7MtGNlSqU9.10","action":"CompareDataConsistency result: ", "result":"Server did not send this WebAuthn Credentials local entities count is: 0 local entities hash is: "}
{"logTime": "0704/084936", "correlationVector":"BB994bH7aDlb7MtGNlSqU9.11","action":"CompareDataConsistency result: ", "result":"Compare result: Edge E Drop is consistent. local entities count is: 0 local entities hash is: "}
{"logTime": "0704/084936", "correlationVector":"BB994bH7aDlb7MtGNlSqU9.12","action":"CompareDataConsistency result: ", "result":"Compare result: Edge Wallet is consistent. local entities count is: 0 local entities hash is: "}
{"logTime": "0704/084936", "correlationVector":"BB994bH7aDlb7MtGNlSqU9.13","action":"CompareDataConsistency result: ", "result":"Server did not send this Edge Workspace local entities count is: 0 local entities hash is: "}
{"logTime": "0704/084936", "correlationVector":"BB994bH7aDlb7MtGNlSqU9.14","action":"CompareDataConsistency result: ", "result":"Compare result: Passwords is consistent. local entities count is: 70 local entities hash is: dz6ar4Qs4VLmANPHKgF298Yyy/Y="}
{"logTime": "0704/084936", "correlationVector":"A1RkShyGYP9xF5WKDSkGC6","action":"Commit Request", "result":"", "context":Item count: 4
Contributing types: Sessions, Device Info, User Consents}
{"logTime": "0704/084937", "correlationVector":"A1RkShyGYP9xF5WKDSkGC6.1","action":"SyncServerConnectionManagerRequest", "result":"SYNC_SERVER_OK", "context":{"environment":"Prod_japaneast_prod-s01-061-apac-japaneast", "migrationStage":"NotStarted", "server":"akswtt11500001d"}}
{"logTime": "0704/084937", "correlationVector":"A1RkShyGYP9xF5WKDSkGC6.2","action":"Commit Response", "result":"Success", "context":Result: Success. cV=A1RkShyGYP9xF5WKDSkGC6.0;server=akswtt11500001d;cloudType=Consumer;environment=Prod_japaneast_prod-s01-061-apac-japaneast;migrationStage=NotStarted}
{"logTime": "0704/084937", "correlationVector":"","action":"DIAGNOSTIC_REQUEST|v1/diagnosticData/Diagnostic.SendCheckResult()|SUCCESS", "result":""}
{"logTime": "0704/084951", "correlationVector":"SmfJo5H13tx09Rs/7qhgFo","action":"Commit Request", "result":"", "context":Item count: 40
Contributing types: Passwords}
{"logTime": "0704/084956", "correlationVector":"SmfJo5H13tx09Rs/7qhgFo.1","action":"SyncServerConnectionManagerRequest", "result":"SYNC_SERVER_OK", "context":{"environment":"Prod_japaneast_prod-s01-061-apac-japaneast", "migrationStage":"NotStarted", "server":"akswtt11500000d"}}
{"logTime": "0704/084956", "correlationVector":"SmfJo5H13tx09Rs/7qhgFo.2","action":"Commit Response", "result":"Success", "context":Result: Success. cV=SmfJo5H13tx09Rs/7qhgFo.0;server=akswtt11500000d;cloudType=Consumer;environment=Prod_japaneast_prod-s01-061-apac-japaneast;migrationStage=NotStarted}
{"logTime": "0704/084956", "correlationVector":"Eyqaut86Y0c5nKRPkO0sLk","action":"Commit Request", "result":"", "context":Item count: 18
Contributing types: Preferences, Passwords, Sessions, History}
{"logTime": "0704/084958", "correlationVector":"Eyqaut86Y0c5nKRPkO0sLk.1","action":"SyncServerConnectionManagerRequest", "result":"SYNC_SERVER_OK", "context":{"environment":"Prod_japaneast_prod-s01-061-apac-japaneast", "migrationStage":"NotStarted", "server":"akswtt11500000c"}}
{"logTime": "0704/084958", "correlationVector":"Eyqaut86Y0c5nKRPkO0sLk.2","action":"Commit Response", "result":"Success", "context":Result: Success. cV=Eyqaut86Y0c5nKRPkO0sLk.0;server=akswtt11500000c;cloudType=Consumer;environment=Prod_japaneast_prod-s01-061-apac-japaneast;migrationStage=NotStarted}
{"logTime": "0704/085031", "correlationVector":"d7MA5089rhm8/jWLnVZN8A","action":"Commit Request", "result":"", "context":Item count: 40
Contributing types: Passwords}
{"logTime": "0704/085035", "correlationVector":"d7MA5089rhm8/jWLnVZN8A.1","action":"SyncServerConnectionManagerRequest", "result":"SYNC_SERVER_OK", "context":{"environment":"Prod_japaneast_prod-s01-061-apac-japaneast", "migrationStage":"NotStarted", "server":"akswtt115000009"}}
{"logTime": "0704/085035", "correlationVector":"d7MA5089rhm8/jWLnVZN8A.2","action":"Commit Response", "result":"Success", "context":Result: Success. cV=d7MA5089rhm8/jWLnVZN8A.0;server=akswtt115000009;cloudType=Consumer;environment=Prod_japaneast_prod-s01-061-apac-japaneast;migrationStage=NotStarted}
{"logTime": "0704/085035", "correlationVector":"xLAIWtJ380Qfxcxr+BcM4c","action":"Commit Request", "result":"", "context":Item count: 19
Contributing types: Passwords}
{"logTime": "0704/085038", "correlationVector":"xLAIWtJ380Qfxcxr+BcM4c.1","action":"SyncServerConnectionManagerRequest", "result":"SYNC_SERVER_OK", "context":{"environment":"Prod_japaneast_prod-s01-061-apac-japaneast", "migrationStage":"NotStarted", "server":"akswtt11500000b"}}
{"logTime": "0704/085038", "correlationVector":"xLAIWtJ380Qfxcxr+BcM4c.2","action":"Commit Response", "result":"Success", "context":Result: Success. cV=xLAIWtJ380Qfxcxr+BcM4c.0;server=akswtt11500000b;cloudType=Consumer;environment=Prod_japaneast_prod-s01-061-apac-japaneast;migrationStage=NotStarted}
